2020-06-02T14:58:23.860592-00:00 0 [Warning] [MY-011070] [Server] 'Disabling symbolic links using --skip-symbolic-links (or equivalent) is the default. Consider not using this option as it' is deprecated and will be removed in a future release.
2020-06-02T14:58:23.860892-00:00 0 [System] [MY-013169] [Server] /usr/sbin/mysqld (mysqld 8.0.20) initializing of server in progress as process 44
2020-06-02T14:58:23.916617-00:00 1 [System] [MY-013576] [InnoDB] InnoDB initialization has started.
2020-06-02T14:58:26.429961-00:00 1 [Warning] [MY-012579] [InnoDB] fallocate(15, FALLOC_FL_PUNCH_HOLE | FALLOC_FL_KEEP_SIZE, 0, 16384) returned errno: 22
2020-06-02T14:58:26.454251-00:00 1 [Warning] [MY-012579] [InnoDB] fallocate(16, FALLOC_FL_PUNCH_HOLE | FALLOC_FL_KEEP_SIZE, 0, 16384) returned errno: 22
2020-06-02T14:58:26.472648-00:00 1 [Warning] [MY-012579] [InnoDB] fallocate(17, FALLOC_FL_PUNCH_HOLE | FALLOC_FL_KEEP_SIZE, 0, 16384) returned errno: 22
2020-06-02T14:58:26.491681-00:00 1 [Warning] [MY-012579] [InnoDB] fallocate(18, FALLOC_FL_PUNCH_HOLE | FALLOC_FL_KEEP_SIZE, 0, 16384) returned errno: 22
2020-06-02T14:58:26.518098-00:00 1 [Warning] [MY-012579] [InnoDB] fallocate(19, FALLOC_FL_PUNCH_HOLE | FALLOC_FL_KEEP_SIZE, 0, 16384) returned errno: 22
2020-06-02T14:58:26.535940-00:00 1 [Warning] [MY-012579] [InnoDB] fallocate(20, FALLOC_FL_PUNCH_HOLE | FALLOC_FL_KEEP_SIZE, 0, 16384) returned errno: 22
2020-06-02T14:58:26.558677-00:00 1 [Warning] [MY-012579] [InnoDB] fallocate(21, FALLOC_FL_PUNCH_HOLE | FALLOC_FL_KEEP_SIZE, 0, 16384) returned errno: 22
2020-06-02T14:58:26.575532-00:00 1 [Warning] [MY-012579] [InnoDB] fallocate(22, FALLOC_FL_PUNCH_HOLE | FALLOC_FL_KEEP_SIZE, 0, 16384) returned errno: 22
2020-06-02T14:58:26.592266-00:00 1 [Warning] [MY-012579] [InnoDB] fallocate(23, FALLOC_FL_PUNCH_HOLE | FALLOC_FL_KEEP_SIZE, 0, 16384) returned errno: 22
2020-06-02T14:58:26.610940-00:00 1 [Warning] [MY-012579] [InnoDB] fallocate(24, FALLOC_FL_PUNCH_HOLE | FALLOC_FL_KEEP_SIZE, 0, 16384) returned errno: 22
2020-06-02T14:58:27.710942-00:00 1 [Warning] [MY-012579] [InnoDB] fallocate(25, FALLOC_FL_PUNCH_HOLE | FALLOC_FL_KEEP_SIZE, 0, 16384) returned errno: 22
2020-06-02T14:58:27.714794-00:00 1 [System] [MY-013577] [InnoDB] InnoDB initialization has ended.
2020-06-02T14:58:32.388349-00:00 6 [Warning] [MY-010453] [Server] root@localhost is created with an empty password ! Please consider switching off the --initialize-insecure option.
2020-06-02T14:58:40.176735-00:00 6 [Warning] [MY-012579] [InnoDB] fallocate(28, FALLOC_FL_PUNCH_HOLE | FALLOC_FL_KEEP_SIZE, 0, 16384) returned errno: 22
2020-06-02T14:58:44.163760-00:00 0 [Warning] [MY-011070] [Server] 'Disabling symbolic links using --skip-symbolic-links (or equivalent) is the default. Consider not using this option as it' is deprecated and will be removed in a future release.
2020-06-02T14:58:44.163937-00:00 0 [System] [MY-010116] [Server] /usr/sbin/mysqld (mysqld 8.0.20) starting as process 91
2020-06-02T14:58:44.232281-00:00 1 [System] [MY-013576] [InnoDB] InnoDB initialization has started.
2020-06-02T14:58:45.099966-00:00 1 [Warning] [MY-012579] [InnoDB] fallocate(17, FALLOC_FL_PUNCH_HOLE | FALLOC_FL_KEEP_SIZE, 0, 16384) returned errno: 22
2020-06-02T14:58:45.122080-00:00 1 [Warning] [MY-012579] [InnoDB] fallocate(18, FALLOC_FL_PUNCH_HOLE | FALLOC_FL_KEEP_SIZE, 0, 16384) returned errno: 22
2020-06-02T14:58:45.146104-00:00 1 [Warning] [MY-012579] [InnoDB] fallocate(19, FALLOC_FL_PUNCH_HOLE | FALLOC_FL_KEEP_SIZE, 0, 16384) returned errno: 22
2020-06-02T14:58:45.169667-00:00 1 [Warning] [MY-012579] [InnoDB] fallocate(20, FALLOC_FL_PUNCH_HOLE | FALLOC_FL_KEEP_SIZE, 0, 16384) returned errno: 22
2020-06-02T14:58:45.192218-00:00 1 [Warning] [MY-012579] [InnoDB] fallocate(21, FALLOC_FL_PUNCH_HOLE | FALLOC_FL_KEEP_SIZE, 0, 16384) returned errno: 22
2020-06-02T14:58:45.212847-00:00 1 [Warning] [MY-012579] [InnoDB] fallocate(22, FALLOC_FL_PUNCH_HOLE | FALLOC_FL_KEEP_SIZE, 0, 16384) returned errno: 22
2020-06-02T14:58:45.236976-00:00 1 [Warning] [MY-012579] [InnoDB] fallocate(23, FALLOC_FL_PUNCH_HOLE | FALLOC_FL_KEEP_SIZE, 0, 16384) returned errno: 22
2020-06-02T14:58:45.265287-00:00 1 [Warning] [MY-012579] [InnoDB] fallocate(24, FALLOC_FL_PUNCH_HOLE | FALLOC_FL_KEEP_SIZE, 0, 16384) returned errno: 22
2020-06-02T14:58:45.286400-00:00 1 [Warning] [MY-012579] [InnoDB] fallocate(25, FALLOC_FL_PUNCH_HOLE | FALLOC_FL_KEEP_SIZE, 0, 16384) returned errno: 22
2020-06-02T14:58:45.309356-00:00 1 [Warning] [MY-012579] [InnoDB] fallocate(26, FALLOC_FL_PUNCH_HOLE | FALLOC_FL_KEEP_SIZE, 0, 16384) returned errno: 22
2020-06-02T14:58:45.339925-00:00 1 [System] [MY-013577] [InnoDB] InnoDB initialization has ended.
2020-06-02T14:58:45.891893-00:00 0 [System] [MY-011323] [Server] X Plugin ready for connections. Socket: '/var/run/mysqld/mysqlx.sock'
2020-06-02T14:58:46.199335-00:00 0 [Warning] [MY-010068] [Server] CA certificate ca.pem is self signed.
2020-06-02T14:58:46.380469-00:00 0 [Warning] [MY-011810] [Server] Insecure configuration for --pid-file: Location '/var/run/mysqld' in the path is accessible to all OS users. Consider choosing a different directory.
2020-06-02T14:58:46.466764-00:00 0 [System] [MY-010931] [Server] /usr/sbin/mysqld: ready for connections. Version: '8.0.20'  socket: '/var/run/mysqld/mysqld.sock'  port: 0  MySQL Community Server - GPL.
2020-06-02T14:59:01.729804-00:00 14 [Warning] [MY-012579] [InnoDB] fallocate(36, FALLOC_FL_PUNCH_HOLE | FALLOC_FL_KEEP_SIZE, 0, 16384) returned errno: 22
2020-06-02T14:59:01.887484-00:00 15 [System] [MY-013172] [Server] Received SHUTDOWN from user root. Shutting down mysqld (Version: 8.0.20).
2020-06-02T14:59:03.702959-00:00 0 [System] [MY-010910] [Server] /usr/sbin/mysqld: Shutdown complete (mysqld 8.0.20)  MySQL Community Server - GPL.
2020-06-02T14:59:04.180997-00:00 0 [Warning] [MY-011070] [Server] 'Disabling symbolic links using --skip-symbolic-links (or equivalent) is the default. Consider not using this option as it' is deprecated and will be removed in a future release.
2020-06-02T14:59:04.181152-00:00 0 [System] [MY-010116] [Server] /usr/sbin/mysqld (mysqld 8.0.20) starting as process 1
2020-06-02T14:59:04.232592-00:00 1 [System] [MY-013576] [InnoDB] InnoDB initialization has started.
2020-06-02T14:59:04.854348-00:00 1 [Warning] [MY-012579] [InnoDB] fallocate(16, FALLOC_FL_PUNCH_HOLE | FALLOC_FL_KEEP_SIZE, 0, 16384) returned errno: 22
2020-06-02T14:59:04.886870-00:00 1 [Warning] [MY-012579] [InnoDB] fallocate(17, FALLOC_FL_PUNCH_HOLE | FALLOC_FL_KEEP_SIZE, 0, 16384) returned errno: 22
2020-06-02T14:59:04.914342-00:00 1 [Warning] [MY-012579] [InnoDB] fallocate(18, FALLOC_FL_PUNCH_HOLE | FALLOC_FL_KEEP_SIZE, 0, 16384) returned errno: 22
2020-06-02T14:59:04.945172-00:00 1 [Warning] [MY-012579] [InnoDB] fallocate(19, FALLOC_FL_PUNCH_HOLE | FALLOC_FL_KEEP_SIZE, 0, 16384) returned errno: 22
2020-06-02T14:59:04.972307-00:00 1 [Warning] [MY-012579] [InnoDB] fallocate(20, FALLOC_FL_PUNCH_HOLE | FALLOC_FL_KEEP_SIZE, 0, 16384) returned errno: 22
2020-06-02T14:59:04.999613-00:00 1 [Warning] [MY-012579] [InnoDB] fallocate(21, FALLOC_FL_PUNCH_HOLE | FALLOC_FL_KEEP_SIZE, 0, 16384) returned errno: 22
2020-06-02T14:59:05.025731-00:00 1 [Warning] [MY-012579] [InnoDB] fallocate(22, FALLOC_FL_PUNCH_HOLE | FALLOC_FL_KEEP_SIZE, 0, 16384) returned errno: 22
2020-06-02T14:59:05.045647-00:00 1 [Warning] [MY-012579] [InnoDB] fallocate(23, FALLOC_FL_PUNCH_HOLE | FALLOC_FL_KEEP_SIZE, 0, 16384) returned errno: 22
2020-06-02T14:59:05.081911-00:00 1 [Warning] [MY-012579] [InnoDB] fallocate(24, FALLOC_FL_PUNCH_HOLE | FALLOC_FL_KEEP_SIZE, 0, 16384) returned errno: 22
2020-06-02T14:59:05.112548-00:00 1 [Warning] [MY-012579] [InnoDB] fallocate(25, FALLOC_FL_PUNCH_HOLE | FALLOC_FL_KEEP_SIZE, 0, 16384) returned errno: 22
2020-06-02T14:59:05.148080-00:00 1 [System] [MY-013577] [InnoDB] InnoDB initialization has ended.
2020-06-02T14:59:05.626325-00:00 0 [System] [MY-011323] [Server] X Plugin ready for connections. Socket: '/var/run/mysqld/mysqlx.sock' bind-address: '::' port: 33060
2020-06-02T14:59:05.850942-00:00 0 [Warning] [MY-010068] [Server] CA certificate ca.pem is self signed.
2020-06-02T14:59:05.865272-00:00 0 [Warning] [MY-011810] [Server] Insecure configuration for --pid-file: Location '/var/run/mysqld' in the path is accessible to all OS users. Consider choosing a different directory.
2020-06-02T14:59:05.966325-00:00 0 [System] [MY-010931] [Server] /usr/sbin/mysqld: ready for connections. Version: '8.0.20'  socket: '/var/run/mysqld/mysqld.sock'  port: 3306  MySQL Community Server - GPL.
2020-06-02T14:59:38.404038-00:00 8 [Warning] [MY-010055] [Server] IP address '172.21.100.1' could not be resolved: Name or service not known
mbind: Operation not permitted
2020-06-02T15:01:44.807312-00:00 0 [Warning] [MY-010909] [Server] /usr/sbin/mysqld: Forcing close of thread 9  user: 'root'.
2020-06-02T15:01:45.918906-00:00 0 [System] [MY-010910] [Server] /usr/sbin/mysqld: Shutdown complete (mysqld 8.0.20)  MySQL Community Server - GPL.
2020-06-02T15:02:41.828412-00:00 0 [Warning] [MY-011070] [Server] 'Disabling symbolic links using --skip-symbolic-links (or equivalent) is the default. Consider not using this option as it' is deprecated and will be removed in a future release.
2020-06-02T15:02:41.829391-00:00 0 [System] [MY-010116] [Server] /usr/sbin/mysqld (mysqld 8.0.20) starting as process 1
2020-06-02T15:02:41.872120-00:00 1 [System] [MY-013576] [InnoDB] InnoDB initialization has started.
2020-06-02T15:02:42.550220-00:00 1 [Warning] [MY-012579] [InnoDB] fallocate(16, FALLOC_FL_PUNCH_HOLE | FALLOC_FL_KEEP_SIZE, 0, 16384) returned errno: 22
2020-06-02T15:02:42.569975-00:00 1 [Warning] [MY-012579] [InnoDB] fallocate(17, FALLOC_FL_PUNCH_HOLE | FALLOC_FL_KEEP_SIZE, 0, 16384) returned errno: 22
2020-06-02T15:02:42.590362-00:00 1 [Warning] [MY-012579] [InnoDB] fallocate(18, FALLOC_FL_PUNCH_HOLE | FALLOC_FL_KEEP_SIZE, 0, 16384) returned errno: 22
2020-06-02T15:02:42.613920-00:00 1 [Warning] [MY-012579] [InnoDB] fallocate(19, FALLOC_FL_PUNCH_HOLE | FALLOC_FL_KEEP_SIZE, 0, 16384) returned errno: 22
2020-06-02T15:02:42.631906-00:00 1 [Warning] [MY-012579] [InnoDB] fallocate(20, FALLOC_FL_PUNCH_HOLE | FALLOC_FL_KEEP_SIZE, 0, 16384) returned errno: 22
2020-06-02T15:02:42.652452-00:00 1 [Warning] [MY-012579] [InnoDB] fallocate(21, FALLOC_FL_PUNCH_HOLE | FALLOC_FL_KEEP_SIZE, 0, 16384) returned errno: 22
2020-06-02T15:02:42.669517-00:00 1 [Warning] [MY-012579] [InnoDB] fallocate(22, FALLOC_FL_PUNCH_HOLE | FALLOC_FL_KEEP_SIZE, 0, 16384) returned errno: 22
2020-06-02T15:02:42.690237-00:00 1 [Warning] [MY-012579] [InnoDB] fallocate(23, FALLOC_FL_PUNCH_HOLE | FALLOC_FL_KEEP_SIZE, 0, 16384) returned errno: 22
2020-06-02T15:02:42.708988-00:00 1 [Warning] [MY-012579] [InnoDB] fallocate(24, FALLOC_FL_PUNCH_HOLE | FALLOC_FL_KEEP_SIZE, 0, 16384) returned errno: 22
2020-06-02T15:02:42.730859-00:00 1 [Warning] [MY-012579] [InnoDB] fallocate(25, FALLOC_FL_PUNCH_HOLE | FALLOC_FL_KEEP_SIZE, 0, 16384) returned errno: 22
2020-06-02T15:02:42.753650-00:00 1 [System] [MY-013577] [InnoDB] InnoDB initialization has ended.
2020-06-02T15:02:42.987064-00:00 0 [System] [MY-011323] [Server] X Plugin ready for connections. Socket: '/var/run/mysqld/mysqlx.sock' bind-address: '::' port: 33060
2020-06-02T15:02:43.137352-00:00 0 [Warning] [MY-010068] [Server] CA certificate ca.pem is self signed.
2020-06-02T15:02:43.160626-00:00 0 [Warning] [MY-011810] [Server] Insecure configuration for --pid-file: Location '/var/run/mysqld' in the path is accessible to all OS users. Consider choosing a different directory.
2020-06-02T15:02:43.244654-00:00 0 [System] [MY-010931] [Server] /usr/sbin/mysqld: ready for connections. Version: '8.0.20'  socket: '/var/run/mysqld/mysqld.sock'  port: 3306  MySQL Community Server - GPL.
2020-06-02T15:05:51.850957-00:00 8 [Warning] [MY-010055] [Server] IP address '172.21.100.1' could not be resolved: Name or service not known
mbind: Operation not permitted
2020-06-02T15:07:28.579951-00:00 0 [System] [MY-010910] [Server] /usr/sbin/mysqld: Shutdown complete (mysqld 8.0.20)  MySQL Community Server - GPL.
2020-06-02T15:07:39.064660-00:00 0 [Warning] [MY-011070] [Server] 'Disabling symbolic links using --skip-symbolic-links (or equivalent) is the default. Consider not using this option as it' is deprecated and will be removed in a future release.
2020-06-02T15:07:39.065538-00:00 0 [System] [MY-010116] [Server] /usr/sbin/mysqld (mysqld 8.0.20) starting as process 1
2020-06-02T15:07:39.121293-00:00 1 [System] [MY-013576] [InnoDB] InnoDB initialization has started.
2020-06-02T15:07:39.996040-00:00 1 [Warning] [MY-012579] [InnoDB] fallocate(16, FALLOC_FL_PUNCH_HOLE | FALLOC_FL_KEEP_SIZE, 0, 16384) returned errno: 22
2020-06-02T15:07:40.019340-00:00 1 [Warning] [MY-012579] [InnoDB] fallocate(17, FALLOC_FL_PUNCH_HOLE | FALLOC_FL_KEEP_SIZE, 0, 16384) returned errno: 22
2020-06-02T15:07:40.040709-00:00 1 [Warning] [MY-012579] [InnoDB] fallocate(18, FALLOC_FL_PUNCH_HOLE | FALLOC_FL_KEEP_SIZE, 0, 16384) returned errno: 22
2020-06-02T15:07:40.061939-00:00 1 [Warning] [MY-012579] [InnoDB] fallocate(19, FALLOC_FL_PUNCH_HOLE | FALLOC_FL_KEEP_SIZE, 0, 16384) returned errno: 22
2020-06-02T15:07:40.083933-00:00 1 [Warning] [MY-012579] [InnoDB] fallocate(20, FALLOC_FL_PUNCH_HOLE | FALLOC_FL_KEEP_SIZE, 0, 16384) returned errno: 22
2020-06-02T15:07:40.104253-00:00 1 [Warning] [MY-012579] [InnoDB] fallocate(21, FALLOC_FL_PUNCH_HOLE | FALLOC_FL_KEEP_SIZE, 0, 16384) returned errno: 22
2020-06-02T15:07:40.125322-00:00 1 [Warning] [MY-012579] [InnoDB] fallocate(22, FALLOC_FL_PUNCH_HOLE | FALLOC_FL_KEEP_SIZE, 0, 16384) returned errno: 22
2020-06-02T15:07:40.142720-00:00 1 [Warning] [MY-012579] [InnoDB] fallocate(23, FALLOC_FL_PUNCH_HOLE | FALLOC_FL_KEEP_SIZE, 0, 16384) returned errno: 22
2020-06-02T15:07:40.166838-00:00 1 [Warning] [MY-012579] [InnoDB] fallocate(24, FALLOC_FL_PUNCH_HOLE | FALLOC_FL_KEEP_SIZE, 0, 16384) returned errno: 22
2020-06-02T15:07:40.210581-00:00 1 [Warning] [MY-012579] [InnoDB] fallocate(25, FALLOC_FL_PUNCH_HOLE | FALLOC_FL_KEEP_SIZE, 0, 16384) returned errno: 22
2020-06-02T15:07:40.268886-00:00 1 [System] [MY-013577] [InnoDB] InnoDB initialization has ended.
2020-06-02T15:07:40.516210-00:00 0 [System] [MY-011323] [Server] X Plugin ready for connections. Socket: '/var/run/mysqld/mysqlx.sock' bind-address: '::' port: 33060
2020-06-02T15:07:40.666096-00:00 0 [Warning] [MY-010068] [Server] CA certificate ca.pem is self signed.
2020-06-02T15:07:40.681690-00:00 0 [Warning] [MY-011810] [Server] Insecure configuration for --pid-file: Location '/var/run/mysqld' in the path is accessible to all OS users. Consider choosing a different directory.
2020-06-02T15:07:40.755529-00:00 0 [System] [MY-010931] [Server] /usr/sbin/mysqld: ready for connections. Version: '8.0.20'  socket: '/var/run/mysqld/mysqld.sock'  port: 3306  MySQL Community Server - GPL.
2020-06-02T15:07:53.977301-00:00 0 [System] [MY-010910] [Server] /usr/sbin/mysqld: Shutdown complete (mysqld 8.0.20)  MySQL Community Server - GPL.
2020-06-02T15:08:54.862882-00:00 0 [Warning] [MY-011070] [Server] 'Disabling symbolic links using --skip-symbolic-links (or equivalent) is the default. Consider not using this option as it' is deprecated and will be removed in a future release.
2020-06-02T15:08:54.862988-00:00 0 [System] [MY-013169] [Server] /usr/sbin/mysqld (mysqld 8.0.20) initializing of server in progress as process 43
2020-06-02T15:08:54.909328-00:00 1 [System] [MY-013576] [InnoDB] InnoDB initialization has started.
2020-06-02T15:08:58.182119-00:00 1 [Warning] [MY-012579] [InnoDB] fallocate(15, FALLOC_FL_PUNCH_HOLE | FALLOC_FL_KEEP_SIZE, 0, 16384) returned errno: 22
2020-06-02T15:08:58.200092-00:00 1 [Warning] [MY-012579] [InnoDB] fallocate(16, FALLOC_FL_PUNCH_HOLE | FALLOC_FL_KEEP_SIZE, 0, 16384) returned errno: 22
2020-06-02T15:08:58.218110-00:00 1 [Warning] [MY-012579] [InnoDB] fallocate(17, FALLOC_FL_PUNCH_HOLE | FALLOC_FL_KEEP_SIZE, 0, 16384) returned errno: 22
2020-06-02T15:08:58.236085-00:00 1 [Warning] [MY-012579] [InnoDB] fallocate(18, FALLOC_FL_PUNCH_HOLE | FALLOC_FL_KEEP_SIZE, 0, 16384) returned errno: 22
2020-06-02T15:08:58.256849-00:00 1 [Warning] [MY-012579] [InnoDB] fallocate(19, FALLOC_FL_PUNCH_HOLE | FALLOC_FL_KEEP_SIZE, 0, 16384) returned errno: 22
2020-06-02T15:08:58.280844-00:00 1 [Warning] [MY-012579] [InnoDB] fallocate(20, FALLOC_FL_PUNCH_HOLE | FALLOC_FL_KEEP_SIZE, 0, 16384) returned errno: 22
2020-06-02T15:08:58.300881-00:00 1 [Warning] [MY-012579] [InnoDB] fallocate(21, FALLOC_FL_PUNCH_HOLE | FALLOC_FL_KEEP_SIZE, 0, 16384) returned errno: 22
2020-06-02T15:08:58.318159-00:00 1 [Warning] [MY-012579] [InnoDB] fallocate(22, FALLOC_FL_PUNCH_HOLE | FALLOC_FL_KEEP_SIZE, 0, 16384) returned errno: 22
2020-06-02T15:08:58.337465-00:00 1 [Warning] [MY-012579] [InnoDB] fallocate(23, FALLOC_FL_PUNCH_HOLE | FALLOC_FL_KEEP_SIZE, 0, 16384) returned errno: 22
2020-06-02T15:08:58.358608-00:00 1 [Warning] [MY-012579] [InnoDB] fallocate(24, FALLOC_FL_PUNCH_HOLE | FALLOC_FL_KEEP_SIZE, 0, 16384) returned errno: 22
2020-06-02T15:08:58.950835-00:00 1 [Warning] [MY-012579] [InnoDB] fallocate(25, FALLOC_FL_PUNCH_HOLE | FALLOC_FL_KEEP_SIZE, 0, 16384) returned errno: 22
2020-06-02T15:08:58.953738-00:00 1 [System] [MY-013577] [InnoDB] InnoDB initialization has ended.
2020-06-02T15:09:02.719029-00:00 6 [Warning] [MY-010453] [Server] root@localhost is created with an empty password ! Please consider switching off the --initialize-insecure option.
2020-06-02T15:09:10.181918-00:00 6 [Warning] [MY-012579] [InnoDB] fallocate(28, FALLOC_FL_PUNCH_HOLE | FALLOC_FL_KEEP_SIZE, 0, 16384) returned errno: 22
2020-06-02T15:09:13.610743-00:00 0 [Warning] [MY-011070] [Server] 'Disabling symbolic links using --skip-symbolic-links (or equivalent) is the default. Consider not using this option as it' is deprecated and will be removed in a future release.
2020-06-02T15:09:13.610898-00:00 0 [System] [MY-010116] [Server] /usr/sbin/mysqld (mysqld 8.0.20) starting as process 90
2020-06-02T15:09:13.678827-00:00 1 [System] [MY-013576] [InnoDB] InnoDB initialization has started.
2020-06-02T15:09:14.542544-00:00 1 [Warning] [MY-012579] [InnoDB] fallocate(17, FALLOC_FL_PUNCH_HOLE | FALLOC_FL_KEEP_SIZE, 0, 16384) returned errno: 22
2020-06-02T15:09:14.568907-00:00 1 [Warning] [MY-012579] [InnoDB] fallocate(18, FALLOC_FL_PUNCH_HOLE | FALLOC_FL_KEEP_SIZE, 0, 16384) returned errno: 22
2020-06-02T15:09:14.595832-00:00 1 [Warning] [MY-012579] [InnoDB] fallocate(19, FALLOC_FL_PUNCH_HOLE | FALLOC_FL_KEEP_SIZE, 0, 16384) returned errno: 22
2020-06-02T15:09:14.622287-00:00 1 [Warning] [MY-012579] [InnoDB] fallocate(20, FALLOC_FL_PUNCH_HOLE | FALLOC_FL_KEEP_SIZE, 0, 16384) returned errno: 22
2020-06-02T15:09:14.647673-00:00 1 [Warning] [MY-012579] [InnoDB] fallocate(21, FALLOC_FL_PUNCH_HOLE | FALLOC_FL_KEEP_SIZE, 0, 16384) returned errno: 22
2020-06-02T15:09:14.674175-00:00 1 [Warning] [MY-012579] [InnoDB] fallocate(22, FALLOC_FL_PUNCH_HOLE | FALLOC_FL_KEEP_SIZE, 0, 16384) returned errno: 22
2020-06-02T15:09:14.698475-00:00 1 [Warning] [MY-012579] [InnoDB] fallocate(23, FALLOC_FL_PUNCH_HOLE | FALLOC_FL_KEEP_SIZE, 0, 16384) returned errno: 22
2020-06-02T15:09:14.724356-00:00 1 [Warning] [MY-012579] [InnoDB] fallocate(24, FALLOC_FL_PUNCH_HOLE | FALLOC_FL_KEEP_SIZE, 0, 16384) returned errno: 22
2020-06-02T15:09:14.759850-00:00 1 [Warning] [MY-012579] [InnoDB] fallocate(25, FALLOC_FL_PUNCH_HOLE | FALLOC_FL_KEEP_SIZE, 0, 16384) returned errno: 22
2020-06-02T15:09:14.784047-00:00 1 [Warning] [MY-012579] [InnoDB] fallocate(26, FALLOC_FL_PUNCH_HOLE | FALLOC_FL_KEEP_SIZE, 0, 16384) returned errno: 22
2020-06-02T15:09:14.813424-00:00 1 [System] [MY-013577] [InnoDB] InnoDB initialization has ended.
2020-06-02T15:09:15.266727-00:00 0 [System] [MY-011323] [Server] X Plugin ready for connections. Socket: '/var/run/mysqld/mysqlx.sock'
2020-06-02T15:09:15.590976-00:00 0 [Warning] [MY-010068] [Server] CA certificate ca.pem is self signed.
2020-06-02T15:09:15.605905-00:00 0 [Warning] [MY-011810] [Server] Insecure configuration for --pid-file: Location '/var/run/mysqld' in the path is accessible to all OS users. Consider choosing a different directory.
2020-06-02T15:09:15.675173-00:00 0 [System] [MY-010931] [Server] /usr/sbin/mysqld: ready for connections. Version: '8.0.20'  socket: '/var/run/mysqld/mysqld.sock'  port: 0  MySQL Community Server - GPL.
2020-06-02T15:09:31.164002-00:00 14 [Warning] [MY-012579] [InnoDB] fallocate(36, FALLOC_FL_PUNCH_HOLE | FALLOC_FL_KEEP_SIZE, 0, 16384) returned errno: 22
2020-06-02T15:09:31.251753-00:00 15 [System] [MY-013172] [Server] Received SHUTDOWN from user root. Shutting down mysqld (Version: 8.0.20).
2020-06-02T15:09:33.141442-00:00 0 [System] [MY-010910] [Server] /usr/sbin/mysqld: Shutdown complete (mysqld 8.0.20)  MySQL Community Server - GPL.
2020-06-02T15:09:33.539836-00:00 0 [Warning] [MY-011070] [Server] 'Disabling symbolic links using --skip-symbolic-links (or equivalent) is the default. Consider not using this option as it' is deprecated and will be removed in a future release.
2020-06-02T15:09:33.540026-00:00 0 [System] [MY-010116] [Server] /usr/sbin/mysqld (mysqld 8.0.20) starting as process 1
2020-06-02T15:09:33.807668-00:00 1 [System] [MY-013576] [InnoDB] InnoDB initialization has started.
2020-06-02T15:09:34.455602-00:00 1 [Warning] [MY-012579] [InnoDB] fallocate(16, FALLOC_FL_PUNCH_HOLE | FALLOC_FL_KEEP_SIZE, 0, 16384) returned errno: 22
2020-06-02T15:09:34.480365-00:00 1 [Warning] [MY-012579] [InnoDB] fallocate(17, FALLOC_FL_PUNCH_HOLE | FALLOC_FL_KEEP_SIZE, 0, 16384) returned errno: 22
2020-06-02T15:09:34.505948-00:00 1 [Warning] [MY-012579] [InnoDB] fallocate(18, FALLOC_FL_PUNCH_HOLE | FALLOC_FL_KEEP_SIZE, 0, 16384) returned errno: 22
2020-06-02T15:09:34.533104-00:00 1 [Warning] [MY-012579] [InnoDB] fallocate(19, FALLOC_FL_PUNCH_HOLE | FALLOC_FL_KEEP_SIZE, 0, 16384) returned errno: 22
2020-06-02T15:09:34.560017-00:00 1 [Warning] [MY-012579] [InnoDB] fallocate(20, FALLOC_FL_PUNCH_HOLE | FALLOC_FL_KEEP_SIZE, 0, 16384) returned errno: 22
2020-06-02T15:09:34.584406-00:00 1 [Warning] [MY-012579] [InnoDB] fallocate(21, FALLOC_FL_PUNCH_HOLE | FALLOC_FL_KEEP_SIZE, 0, 16384) returned errno: 22
2020-06-02T15:09:34.611565-00:00 1 [Warning] [MY-012579] [InnoDB] fallocate(22, FALLOC_FL_PUNCH_HOLE | FALLOC_FL_KEEP_SIZE, 0, 16384) returned errno: 22
2020-06-02T15:09:34.635577-00:00 1 [Warning] [MY-012579] [InnoDB] fallocate(23, FALLOC_FL_PUNCH_HOLE | FALLOC_FL_KEEP_SIZE, 0, 16384) returned errno: 22
2020-06-02T15:09:34.669049-00:00 1 [Warning] [MY-012579] [InnoDB] fallocate(24, FALLOC_FL_PUNCH_HOLE | FALLOC_FL_KEEP_SIZE, 0, 16384) returned errno: 22
2020-06-02T15:09:34.696635-00:00 1 [Warning] [MY-012579] [InnoDB] fallocate(25, FALLOC_FL_PUNCH_HOLE | FALLOC_FL_KEEP_SIZE, 0, 16384) returned errno: 22
2020-06-02T15:09:34.725951-00:00 1 [System] [MY-013577] [InnoDB] InnoDB initialization has ended.
2020-06-02T15:09:35.292770-00:00 0 [System] [MY-011323] [Server] X Plugin ready for connections. Socket: '/var/run/mysqld/mysqlx.sock' bind-address: '::' port: 33060
2020-06-02T15:09:35.512121-00:00 0 [Warning] [MY-010068] [Server] CA certificate ca.pem is self signed.
2020-06-02T15:09:35.528090-00:00 0 [Warning] [MY-011810] [Server] Insecure configuration for --pid-file: Location '/var/run/mysqld' in the path is accessible to all OS users. Consider choosing a different directory.
2020-06-02T15:09:35.620866-00:00 0 [System] [MY-010931] [Server] /usr/sbin/mysqld: ready for connections. Version: '8.0.20'  socket: '/var/run/mysqld/mysqld.sock'  port: 3306  MySQL Community Server - GPL.
2020-06-02T15:09:49.548590-00:00 8 [Warning] [MY-010055] [Server] IP address '172.21.100.1' could not be resolved: Name or service not known
mbind: Operation not permitted
2020-06-02T15:11:37.495911-00:00 0 [System] [MY-010910] [Server] /usr/sbin/mysqld: Shutdown complete (mysqld 8.0.20)  MySQL Community Server - GPL.
2020-06-02T15:14:52.533282-00:00 0 [Warning] [MY-011070] [Server] 'Disabling symbolic links using --skip-symbolic-links (or equivalent) is the default. Consider not using this option as it' is deprecated and will be removed in a future release.
2020-06-02T15:14:52.534243-00:00 0 [System] [MY-010116] [Server] /usr/sbin/mysqld (mysqld 8.0.20) starting as process 1
2020-06-02T15:14:52.582121-00:00 1 [System] [MY-013576] [InnoDB] InnoDB initialization has started.
2020-06-02T15:14:53.284195-00:00 1 [Warning] [MY-012579] [InnoDB] fallocate(16, FALLOC_FL_PUNCH_HOLE | FALLOC_FL_KEEP_SIZE, 0, 16384) returned errno: 22
2020-06-02T15:14:53.311356-00:00 1 [Warning] [MY-012579] [InnoDB] fallocate(17, FALLOC_FL_PUNCH_HOLE | FALLOC_FL_KEEP_SIZE, 0, 16384) returned errno: 22
2020-06-02T15:14:53.334695-00:00 1 [Warning] [MY-012579] [InnoDB] fallocate(18, FALLOC_FL_PUNCH_HOLE | FALLOC_FL_KEEP_SIZE, 0, 16384) returned errno: 22
2020-06-02T15:14:53.353979-00:00 1 [Warning] [MY-012579] [InnoDB] fallocate(19, FALLOC_FL_PUNCH_HOLE | FALLOC_FL_KEEP_SIZE, 0, 16384) returned errno: 22
2020-06-02T15:14:53.374734-00:00 1 [Warning] [MY-012579] [InnoDB] fallocate(20, FALLOC_FL_PUNCH_HOLE | FALLOC_FL_KEEP_SIZE, 0, 16384) returned errno: 22
2020-06-02T15:14:53.396007-00:00 1 [Warning] [MY-012579] [InnoDB] fallocate(21, FALLOC_FL_PUNCH_HOLE | FALLOC_FL_KEEP_SIZE, 0, 16384) returned errno: 22
2020-06-02T15:14:53.422863-00:00 1 [Warning] [MY-012579] [InnoDB] fallocate(22, FALLOC_FL_PUNCH_HOLE | FALLOC_FL_KEEP_SIZE, 0, 16384) returned errno: 22
2020-06-02T15:14:53.446053-00:00 1 [Warning] [MY-012579] [InnoDB] fallocate(23, FALLOC_FL_PUNCH_HOLE | FALLOC_FL_KEEP_SIZE, 0, 16384) returned errno: 22
2020-06-02T15:14:53.466441-00:00 1 [Warning] [MY-012579] [InnoDB] fallocate(24, FALLOC_FL_PUNCH_HOLE | FALLOC_FL_KEEP_SIZE, 0, 16384) returned errno: 22
2020-06-02T15:14:53.485345-00:00 1 [Warning] [MY-012579] [InnoDB] fallocate(25, FALLOC_FL_PUNCH_HOLE | FALLOC_FL_KEEP_SIZE, 0, 16384) returned errno: 22
2020-06-02T15:14:53.510293-00:00 1 [System] [MY-013577] [InnoDB] InnoDB initialization has ended.
2020-06-02T15:14:53.745092-00:00 0 [System] [MY-011323] [Server] X Plugin ready for connections. Socket: '/var/run/mysqld/mysqlx.sock' bind-address: '::' port: 33060
2020-06-02T15:14:53.886904-00:00 0 [Warning] [MY-010068] [Server] CA certificate ca.pem is self signed.
2020-06-02T15:14:53.914353-00:00 0 [Warning] [MY-011810] [Server] Insecure configuration for --pid-file: Location '/var/run/mysqld' in the path is accessible to all OS users. Consider choosing a different directory.
2020-06-02T15:14:53.998769-00:00 0 [System] [MY-010931] [Server] /usr/sbin/mysqld: ready for connections. Version: '8.0.20'  socket: '/var/run/mysqld/mysqld.sock'  port: 3306  MySQL Community Server - GPL.
2020-06-02T15:15:13.274003-00:00 8 [Warning] [MY-010055] [Server] IP address '172.21.100.1' could not be resolved: Name or service not known
mbind: Operation not permitted
2020-06-02T15:19:24.333146-00:00 0 [System] [MY-010910] [Server] /usr/sbin/mysqld: Shutdown complete (mysqld 8.0.20)  MySQL Community Server - GPL.
2020-06-02T15:20:41.554680-00:00 0 [Warning] [MY-011070] [Server] 'Disabling symbolic links using --skip-symbolic-links (or equivalent) is the default. Consider not using this option as it' is deprecated and will be removed in a future release.
2020-06-02T15:20:41.554878-00:00 0 [System] [MY-010116] [Server] /usr/sbin/mysqld (mysqld 8.0.20) starting as process 1
2020-06-02T15:20:44.473417-00:00 1 [System] [MY-013576] [InnoDB] InnoDB initialization has started.
2020-06-02T15:20:46.099014-00:00 1 [Warning] [MY-012579] [InnoDB] fallocate(16, FALLOC_FL_PUNCH_HOLE | FALLOC_FL_KEEP_SIZE, 0, 16384) returned errno: 22
2020-06-02T15:20:46.127481-00:00 1 [Warning] [MY-012579] [InnoDB] fallocate(17, FALLOC_FL_PUNCH_HOLE | FALLOC_FL_KEEP_SIZE, 0, 16384) returned errno: 22
2020-06-02T15:20:46.154094-00:00 1 [Warning] [MY-012579] [InnoDB] fallocate(18, FALLOC_FL_PUNCH_HOLE | FALLOC_FL_KEEP_SIZE, 0, 16384) returned errno: 22
2020-06-02T15:20:46.178599-00:00 1 [Warning] [MY-012579] [InnoDB] fallocate(19, FALLOC_FL_PUNCH_HOLE | FALLOC_FL_KEEP_SIZE, 0, 16384) returned errno: 22
2020-06-02T15:20:46.214412-00:00 1 [Warning] [MY-012579] [InnoDB] fallocate(20, FALLOC_FL_PUNCH_HOLE | FALLOC_FL_KEEP_SIZE, 0, 16384) returned errno: 22
2020-06-02T15:20:46.249321-00:00 1 [Warning] [MY-012579] [InnoDB] fallocate(21, FALLOC_FL_PUNCH_HOLE | FALLOC_FL_KEEP_SIZE, 0, 16384) returned errno: 22
2020-06-02T15:20:46.283711-00:00 1 [Warning] [MY-012579] [InnoDB] fallocate(22, FALLOC_FL_PUNCH_HOLE | FALLOC_FL_KEEP_SIZE, 0, 16384) returned errno: 22
2020-06-02T15:20:46.323728-00:00 1 [Warning] [MY-012579] [InnoDB] fallocate(23, FALLOC_FL_PUNCH_HOLE | FALLOC_FL_KEEP_SIZE, 0, 16384) returned errno: 22
2020-06-02T15:20:46.356148-00:00 1 [Warning] [MY-012579] [InnoDB] fallocate(24, FALLOC_FL_PUNCH_HOLE | FALLOC_FL_KEEP_SIZE, 0, 16384) returned errno: 22
2020-06-02T15:20:46.415051-00:00 1 [Warning] [MY-012579] [InnoDB] fallocate(25, FALLOC_FL_PUNCH_HOLE | FALLOC_FL_KEEP_SIZE, 0, 16384) returned errno: 22
2020-06-02T15:20:46.523107-00:00 1 [System] [MY-013577] [InnoDB] InnoDB initialization has ended.
2020-06-02T15:20:48.434521-00:00 0 [System] [MY-011323] [Server] X Plugin ready for connections. Socket: '/var/run/mysqld/mysqlx.sock' bind-address: '::' port: 33060
2020-06-02T15:20:48.803549-00:00 0 [Warning] [MY-010068] [Server] CA certificate ca.pem is self signed.
2020-06-02T15:20:48.826653-00:00 0 [Warning] [MY-011810] [Server] Insecure configuration for --pid-file: Location '/var/run/mysqld' in the path is accessible to all OS users. Consider choosing a different directory.
2020-06-02T15:20:48.996907-00:00 0 [System] [MY-010931] [Server] /usr/sbin/mysqld: ready for connections. Version: '8.0.20'  socket: '/var/run/mysqld/mysqld.sock'  port: 3306  MySQL Community Server - GPL.
2020-06-03T10:24:37.114910-00:00 8 [Warning] [MY-010055] [Server] IP address '172.21.100.1' could not be resolved: Temporary failure in name resolution
mbind: Operation not permitted
2020-06-03T10:24:47.756889-00:00 9 [Warning] [MY-010055] [Server] IP address '172.21.100.1' could not be resolved: Temporary failure in name resolution
2020-06-03T10:24:57.819918-00:00 10 [Warning] [MY-010055] [Server] IP address '172.21.100.1' could not be resolved: Temporary failure in name resolution
2020-06-03T10:25:07.892643-00:00 11 [Warning] [MY-010055] [Server] IP address '172.21.100.1' could not be resolved: Temporary failure in name resolution
2020-06-03T10:25:17.970133-00:00 12 [Warning] [MY-010055] [Server] IP address '172.21.100.1' could not be resolved: Temporary failure in name resolution
2020-06-03T10:25:28.052929-00:00 13 [Warning] [MY-010055] [Server] IP address '172.21.100.1' could not be resolved: Temporary failure in name resolution
2020-06-03T10:25:38.113320-00:00 14 [Warning] [MY-010055] [Server] IP address '172.21.100.1' could not be resolved: Temporary failure in name resolution
2020-06-03T10:25:48.193522-00:00 15 [Warning] [MY-010055] [Server] IP address '172.21.100.1' could not be resolved: Temporary failure in name resolution
2020-06-03T10:25:58.269147-00:00 16 [Warning] [MY-010055] [Server] IP address '172.21.100.1' could not be resolved: Temporary failure in name resolution
2020-06-03T10:26:08.371545-00:00 17 [Warning] [MY-010055] [Server] IP address '172.21.100.1' could not be resolved: Temporary failure in name resolution
2020-06-03T10:54:17.279384-00:00 18 [Warning] [MY-010055] [Server] IP address '172.21.100.1' could not be resolved: Temporary failure in name resolution
2020-06-03T10:54:22.477205-00:00 19 [Warning] [MY-010055] [Server] IP address '172.21.100.1' could not be resolved: Name or service not known
mbind: Operation not permitted
2020-06-03T13:24:26.990972-00:00 0 [System] [MY-010910] [Server] /usr/sbin/mysqld: Shutdown complete (mysqld 8.0.20)  MySQL Community Server - GPL.
2020-06-03T13:28:58.310318-00:00 0 [Warning] [MY-011070] [Server] 'Disabling symbolic links using --skip-symbolic-links (or equivalent) is the default. Consider not using this option as it' is deprecated and will be removed in a future release.
2020-06-03T13:28:58.310473-00:00 0 [System] [MY-013169] [Server] /usr/sbin/mysqld (mysqld 8.0.20) initializing of server in progress as process 43
2020-06-03T13:28:58.362933-00:00 1 [System] [MY-013576] [InnoDB] InnoDB initialization has started.
2020-06-03T13:29:03.334021-00:00 1 [Warning] [MY-012579] [InnoDB] fallocate(15, FALLOC_FL_PUNCH_HOLE | FALLOC_FL_KEEP_SIZE, 0, 16384) returned errno: 22
2020-06-03T13:29:03.359221-00:00 1 [Warning] [MY-012579] [InnoDB] fallocate(16, FALLOC_FL_PUNCH_HOLE | FALLOC_FL_KEEP_SIZE, 0, 16384) returned errno: 22
2020-06-03T13:29:03.375867-00:00 1 [Warning] [MY-012579] [InnoDB] fallocate(17, FALLOC_FL_PUNCH_HOLE | FALLOC_FL_KEEP_SIZE, 0, 16384) returned errno: 22
2020-06-03T13:29:03.394809-00:00 1 [Warning] [MY-012579] [InnoDB] fallocate(18, FALLOC_FL_PUNCH_HOLE | FALLOC_FL_KEEP_SIZE, 0, 16384) returned errno: 22
2020-06-03T13:29:03.414399-00:00 1 [Warning] [MY-012579] [InnoDB] fallocate(19, FALLOC_FL_PUNCH_HOLE | FALLOC_FL_KEEP_SIZE, 0, 16384) returned errno: 22
2020-06-03T13:29:03.436003-00:00 1 [Warning] [MY-012579] [InnoDB] fallocate(20, FALLOC_FL_PUNCH_HOLE | FALLOC_FL_KEEP_SIZE, 0, 16384) returned errno: 22
2020-06-03T13:29:03.456986-00:00 1 [Warning] [MY-012579] [InnoDB] fallocate(21, FALLOC_FL_PUNCH_HOLE | FALLOC_FL_KEEP_SIZE, 0, 16384) returned errno: 22
2020-06-03T13:29:03.471074-00:00 1 [Warning] [MY-012579] [InnoDB] fallocate(22, FALLOC_FL_PUNCH_HOLE | FALLOC_FL_KEEP_SIZE, 0, 16384) returned errno: 22
2020-06-03T13:29:03.488382-00:00 1 [Warning] [MY-012579] [InnoDB] fallocate(23, FALLOC_FL_PUNCH_HOLE | FALLOC_FL_KEEP_SIZE, 0, 16384) returned errno: 22
2020-06-03T13:29:03.509895-00:00 1 [Warning] [MY-012579] [InnoDB] fallocate(24, FALLOC_FL_PUNCH_HOLE | FALLOC_FL_KEEP_SIZE, 0, 16384) returned errno: 22
2020-06-03T13:29:04.687611-00:00 1 [Warning] [MY-012579] [InnoDB] fallocate(25, FALLOC_FL_PUNCH_HOLE | FALLOC_FL_KEEP_SIZE, 0, 16384) returned errno: 22
2020-06-03T13:29:04.700624-00:00 1 [System] [MY-013577] [InnoDB] InnoDB initialization has ended.
2020-06-03T13:29:19.070805-00:00 6 [Warning] [MY-010453] [Server] root@localhost is created with an empty password ! Please consider switching off the --initialize-insecure option.
2020-06-03T13:29:37.206524-00:00 6 [Warning] [MY-012579] [InnoDB] fallocate(28, FALLOC_FL_PUNCH_HOLE | FALLOC_FL_KEEP_SIZE, 0, 16384) returned errno: 22
2020-06-03T13:29:42.910556-00:00 0 [Warning] [MY-011070] [Server] 'Disabling symbolic links using --skip-symbolic-links (or equivalent) is the default. Consider not using this option as it' is deprecated and will be removed in a future release.
2020-06-03T13:29:42.910822-00:00 0 [System] [MY-010116] [Server] /usr/sbin/mysqld (mysqld 8.0.20) starting as process 90
2020-06-03T13:29:43.033988-00:00 1 [System] [MY-013576] [InnoDB] InnoDB initialization has started.
2020-06-03T13:29:44.548889-00:00 1 [Warning] [MY-012579] [InnoDB] fallocate(17, FALLOC_FL_PUNCH_HOLE | FALLOC_FL_KEEP_SIZE, 0, 16384) returned errno: 22
2020-06-03T13:29:44.572750-00:00 1 [Warning] [MY-012579] [InnoDB] fallocate(18, FALLOC_FL_PUNCH_HOLE | FALLOC_FL_KEEP_SIZE, 0, 16384) returned errno: 22
2020-06-03T13:29:44.616616-00:00 1 [Warning] [MY-012579] [InnoDB] fallocate(19, FALLOC_FL_PUNCH_HOLE | FALLOC_FL_KEEP_SIZE, 0, 16384) returned errno: 22
2020-06-03T13:29:44.645155-00:00 1 [Warning] [MY-012579] [InnoDB] fallocate(20, FALLOC_FL_PUNCH_HOLE | FALLOC_FL_KEEP_SIZE, 0, 16384) returned errno: 22
2020-06-03T13:29:44.676229-00:00 1 [Warning] [MY-012579] [InnoDB] fallocate(21, FALLOC_FL_PUNCH_HOLE | FALLOC_FL_KEEP_SIZE, 0, 16384) returned errno: 22
2020-06-03T13:29:44.728830-00:00 1 [Warning] [MY-012579] [InnoDB] fallocate(22, FALLOC_FL_PUNCH_HOLE | FALLOC_FL_KEEP_SIZE, 0, 16384) returned errno: 22
2020-06-03T13:29:44.747914-00:00 1 [Warning] [MY-012579] [InnoDB] fallocate(23, FALLOC_FL_PUNCH_HOLE | FALLOC_FL_KEEP_SIZE, 0, 16384) returned errno: 22
2020-06-03T13:29:44.769749-00:00 1 [Warning] [MY-012579] [InnoDB] fallocate(24, FALLOC_FL_PUNCH_HOLE | FALLOC_FL_KEEP_SIZE, 0, 16384) returned errno: 22
2020-06-03T13:29:44.794464-00:00 1 [Warning] [MY-012579] [InnoDB] fallocate(25, FALLOC_FL_PUNCH_HOLE | FALLOC_FL_KEEP_SIZE, 0, 16384) returned errno: 22
2020-06-03T13:29:44.817851-00:00 1 [Warning] [MY-012579] [InnoDB] fallocate(26, FALLOC_FL_PUNCH_HOLE | FALLOC_FL_KEEP_SIZE, 0, 16384) returned errno: 22
2020-06-03T13:29:44.856785-00:00 1 [System] [MY-013577] [InnoDB] InnoDB initialization has ended.
2020-06-03T13:29:45.489154-00:00 0 [System] [MY-011323] [Server] X Plugin ready for connections. Socket: '/var/run/mysqld/mysqlx.sock'
2020-06-03T13:29:46.331905-00:00 0 [Warning] [MY-010068] [Server] CA certificate ca.pem is self signed.
2020-06-03T13:29:46.359224-00:00 0 [Warning] [MY-011810] [Server] Insecure configuration for --pid-file: Location '/var/run/mysqld' in the path is accessible to all OS users. Consider choosing a different directory.
2020-06-03T13:29:46.581298-00:00 0 [System] [MY-010931] [Server] /usr/sbin/mysqld: ready for connections. Version: '8.0.20'  socket: '/var/run/mysqld/mysqld.sock'  port: 0  MySQL Community Server - GPL.
2020-06-03T13:30:18.829826-00:00 14 [Warning] [MY-012579] [InnoDB] fallocate(36, FALLOC_FL_PUNCH_HOLE | FALLOC_FL_KEEP_SIZE, 0, 16384) returned errno: 22
2020-06-03T13:30:18.933289-00:00 15 [System] [MY-013172] [Server] Received SHUTDOWN from user root. Shutting down mysqld (Version: 8.0.20).
2020-06-03T13:30:21.242757-00:00 0 [System] [MY-010910] [Server] /usr/sbin/mysqld: Shutdown complete (mysqld 8.0.20)  MySQL Community Server - GPL.
2020-06-03T13:30:22.305640-00:00 0 [Warning] [MY-011070] [Server] 'Disabling symbolic links using --skip-symbolic-links (or equivalent) is the default. Consider not using this option as it' is deprecated and will be removed in a future release.
2020-06-03T13:30:22.305902-00:00 0 [System] [MY-010116] [Server] /usr/sbin/mysqld (mysqld 8.0.20) starting as process 1
2020-06-03T13:30:22.399775-00:00 1 [System] [MY-013576] [InnoDB] InnoDB initialization has started.
2020-06-03T13:30:23.434253-00:00 1 [Warning] [MY-012579] [InnoDB] fallocate(16, FALLOC_FL_PUNCH_HOLE | FALLOC_FL_KEEP_SIZE, 0, 16384) returned errno: 22
2020-06-03T13:30:23.459100-00:00 1 [Warning] [MY-012579] [InnoDB] fallocate(17, FALLOC_FL_PUNCH_HOLE | FALLOC_FL_KEEP_SIZE, 0, 16384) returned errno: 22
2020-06-03T13:30:23.491978-00:00 1 [Warning] [MY-012579] [InnoDB] fallocate(18, FALLOC_FL_PUNCH_HOLE | FALLOC_FL_KEEP_SIZE, 0, 16384) returned errno: 22
2020-06-03T13:30:23.519152-00:00 1 [Warning] [MY-012579] [InnoDB] fallocate(19, FALLOC_FL_PUNCH_HOLE | FALLOC_FL_KEEP_SIZE, 0, 16384) returned errno: 22
2020-06-03T13:30:23.548384-00:00 1 [Warning] [MY-012579] [InnoDB] fallocate(20, FALLOC_FL_PUNCH_HOLE | FALLOC_FL_KEEP_SIZE, 0, 16384) returned errno: 22
2020-06-03T13:30:23.581301-00:00 1 [Warning] [MY-012579] [InnoDB] fallocate(21, FALLOC_FL_PUNCH_HOLE | FALLOC_FL_KEEP_SIZE, 0, 16384) returned errno: 22
2020-06-03T13:30:23.612319-00:00 1 [Warning] [MY-012579] [InnoDB] fallocate(22, FALLOC_FL_PUNCH_HOLE | FALLOC_FL_KEEP_SIZE, 0, 16384) returned errno: 22
2020-06-03T13:30:23.636585-00:00 1 [Warning] [MY-012579] [InnoDB] fallocate(23, FALLOC_FL_PUNCH_HOLE | FALLOC_FL_KEEP_SIZE, 0, 16384) returned errno: 22
2020-06-03T13:30:23.664492-00:00 1 [Warning] [MY-012579] [InnoDB] fallocate(24, FALLOC_FL_PUNCH_HOLE | FALLOC_FL_KEEP_SIZE, 0, 16384) returned errno: 22
2020-06-03T13:30:23.689356-00:00 1 [Warning] [MY-012579] [InnoDB] fallocate(25, FALLOC_FL_PUNCH_HOLE | FALLOC_FL_KEEP_SIZE, 0, 16384) returned errno: 22
2020-06-03T13:30:23.767624-00:00 1 [System] [MY-013577] [InnoDB] InnoDB initialization has ended.
2020-06-03T13:30:24.445142-00:00 0 [System] [MY-011323] [Server] X Plugin ready for connections. Socket: '/var/run/mysqld/mysqlx.sock' bind-address: '::' port: 33060
2020-06-03T13:30:24.868934-00:00 0 [Warning] [MY-010068] [Server] CA certificate ca.pem is self signed.
2020-06-03T13:30:24.912020-00:00 0 [Warning] [MY-011810] [Server] Insecure configuration for --pid-file: Location '/var/run/mysqld' in the path is accessible to all OS users. Consider choosing a different directory.
2020-06-03T13:30:25.137177-00:00 0 [System] [MY-010931] [Server] /usr/sbin/mysqld: ready for connections. Version: '8.0.20'  socket: '/var/run/mysqld/mysqld.sock'  port: 3306  MySQL Community Server - GPL.
2020-06-03T13:34:58.888194-00:00 0 [System] [MY-010910] [Server] /usr/sbin/mysqld: Shutdown complete (mysqld 8.0.20)  MySQL Community Server - GPL.
2020-06-03T13:35:07.221617-00:00 0 [Warning] [MY-011070] [Server] 'Disabling symbolic links using --skip-symbolic-links (or equivalent) is the default. Consider not using this option as it' is deprecated and will be removed in a future release.
2020-06-03T13:35:07.221847-00:00 0 [System] [MY-010116] [Server] /usr/sbin/mysqld (mysqld 8.0.20) starting as process 1
2020-06-03T13:35:07.286261-00:00 1 [System] [MY-013576] [InnoDB] InnoDB initialization has started.
2020-06-03T13:35:07.991854-00:00 1 [Warning] [MY-012579] [InnoDB] fallocate(16, FALLOC_FL_PUNCH_HOLE | FALLOC_FL_KEEP_SIZE, 0, 16384) returned errno: 22
2020-06-03T13:35:08.014078-00:00 1 [Warning] [MY-012579] [InnoDB] fallocate(17, FALLOC_FL_PUNCH_HOLE | FALLOC_FL_KEEP_SIZE, 0, 16384) returned errno: 22
2020-06-03T13:35:08.029673-00:00 1 [Warning] [MY-012579] [InnoDB] fallocate(18, FALLOC_FL_PUNCH_HOLE | FALLOC_FL_KEEP_SIZE, 0, 16384) returned errno: 22
2020-06-03T13:35:08.045934-00:00 1 [Warning] [MY-012579] [InnoDB] fallocate(19, FALLOC_FL_PUNCH_HOLE | FALLOC_FL_KEEP_SIZE, 0, 16384) returned errno: 22
2020-06-03T13:35:08.063979-00:00 1 [Warning] [MY-012579] [InnoDB] fallocate(20, FALLOC_FL_PUNCH_HOLE | FALLOC_FL_KEEP_SIZE, 0, 16384) returned errno: 22
2020-06-03T13:35:08.079427-00:00 1 [Warning] [MY-012579] [InnoDB] fallocate(21, FALLOC_FL_PUNCH_HOLE | FALLOC_FL_KEEP_SIZE, 0, 16384) returned errno: 22
2020-06-03T13:35:08.098521-00:00 1 [Warning] [MY-012579] [InnoDB] fallocate(22, FALLOC_FL_PUNCH_HOLE | FALLOC_FL_KEEP_SIZE, 0, 16384) returned errno: 22
2020-06-03T13:35:08.117388-00:00 1 [Warning] [MY-012579] [InnoDB] fallocate(23, FALLOC_FL_PUNCH_HOLE | FALLOC_FL_KEEP_SIZE, 0, 16384) returned errno: 22
2020-06-03T13:35:08.133970-00:00 1 [Warning] [MY-012579] [InnoDB] fallocate(24, FALLOC_FL_PUNCH_HOLE | FALLOC_FL_KEEP_SIZE, 0, 16384) returned errno: 22
2020-06-03T13:35:08.150095-00:00 1 [Warning] [MY-012579] [InnoDB] fallocate(25, FALLOC_FL_PUNCH_HOLE | FALLOC_FL_KEEP_SIZE, 0, 16384) returned errno: 22
2020-06-03T13:35:08.172245-00:00 1 [System] [MY-013577] [InnoDB] InnoDB initialization has ended.
2020-06-03T13:35:08.553061-00:00 0 [System] [MY-011323] [Server] X Plugin ready for connections. Socket: '/var/run/mysqld/mysqlx.sock' bind-address: '::' port: 33060
2020-06-03T13:35:08.757676-00:00 0 [Warning] [MY-010068] [Server] CA certificate ca.pem is self signed.
2020-06-03T13:35:08.776094-00:00 0 [Warning] [MY-011810] [Server] Insecure configuration for --pid-file: Location '/var/run/mysqld' in the path is accessible to all OS users. Consider choosing a different directory.
2020-06-03T13:35:08.871452-00:00 0 [System] [MY-010931] [Server] /usr/sbin/mysqld: ready for connections. Version: '8.0.20'  socket: '/var/run/mysqld/mysqld.sock'  port: 3306  MySQL Community Server - GPL.
mbind: Operation not permitted
2020-06-03T13:44:54.189711-00:00 0 [System] [MY-010910] [Server] /usr/sbin/mysqld: Shutdown complete (mysqld 8.0.20)  MySQL Community Server - GPL.
2020-06-03T13:47:40.711550-00:00 0 [Warning] [MY-011070] [Server] 'Disabling symbolic links using --skip-symbolic-links (or equivalent) is the default. Consider not using this option as it' is deprecated and will be removed in a future release.
2020-06-03T13:47:40.711793-00:00 0 [System] [MY-010116] [Server] /usr/sbin/mysqld (mysqld 8.0.20) starting as process 1
2020-06-03T13:47:40.763145-00:00 1 [System] [MY-013576] [InnoDB] InnoDB initialization has started.
2020-06-03T13:47:41.957842-00:00 1 [Warning] [MY-012579] [InnoDB] fallocate(16, FALLOC_FL_PUNCH_HOLE | FALLOC_FL_KEEP_SIZE, 0, 16384) returned errno: 22
2020-06-03T13:47:41.968608-00:00 1 [Warning] [MY-012579] [InnoDB] fallocate(17, FALLOC_FL_PUNCH_HOLE | FALLOC_FL_KEEP_SIZE, 0, 16384) returned errno: 22
2020-06-03T13:47:41.981142-00:00 1 [Warning] [MY-012579] [InnoDB] fallocate(18, FALLOC_FL_PUNCH_HOLE | FALLOC_FL_KEEP_SIZE, 0, 16384) returned errno: 22
2020-06-03T13:47:41.992587-00:00 1 [Warning] [MY-012579] [InnoDB] fallocate(19, FALLOC_FL_PUNCH_HOLE | FALLOC_FL_KEEP_SIZE, 0, 16384) returned errno: 22
2020-06-03T13:47:42.004114-00:00 1 [Warning] [MY-012579] [InnoDB] fallocate(20, FALLOC_FL_PUNCH_HOLE | FALLOC_FL_KEEP_SIZE, 0, 16384) returned errno: 22
2020-06-03T13:47:42.015222-00:00 1 [Warning] [MY-012579] [InnoDB] fallocate(21, FALLOC_FL_PUNCH_HOLE | FALLOC_FL_KEEP_SIZE, 0, 16384) returned errno: 22
2020-06-03T13:47:42.040423-00:00 1 [Warning] [MY-012579] [InnoDB] fallocate(22, FALLOC_FL_PUNCH_HOLE | FALLOC_FL_KEEP_SIZE, 0, 16384) returned errno: 22
2020-06-03T13:47:42.051830-00:00 1 [Warning] [MY-012579] [InnoDB] fallocate(23, FALLOC_FL_PUNCH_HOLE | FALLOC_FL_KEEP_SIZE, 0, 16384) returned errno: 22
2020-06-03T13:47:42.063612-00:00 1 [Warning] [MY-012579] [InnoDB] fallocate(24, FALLOC_FL_PUNCH_HOLE | FALLOC_FL_KEEP_SIZE, 0, 16384) returned errno: 22
2020-06-03T13:47:42.076296-00:00 1 [Warning] [MY-012579] [InnoDB] fallocate(25, FALLOC_FL_PUNCH_HOLE | FALLOC_FL_KEEP_SIZE, 0, 16384) returned errno: 22
2020-06-03T13:47:42.120665-00:00 1 [System] [MY-013577] [InnoDB] InnoDB initialization has ended.
2020-06-03T13:47:43.042257-00:00 0 [System] [MY-011323] [Server] X Plugin ready for connections. Socket: '/var/run/mysqld/mysqlx.sock' bind-address: '::' port: 33060
2020-06-03T13:47:43.599818-00:00 0 [Warning] [MY-010068] [Server] CA certificate ca.pem is self signed.
2020-06-03T13:47:43.642474-00:00 0 [Warning] [MY-011810] [Server] Insecure configuration for --pid-file: Location '/var/run/mysqld' in the path is accessible to all OS users. Consider choosing a different directory.
2020-06-03T13:47:43.876000-00:00 0 [System] [MY-010931] [Server] /usr/sbin/mysqld: ready for connections. Version: '8.0.20'  socket: '/var/run/mysqld/mysqld.sock'  port: 3306  MySQL Community Server - GPL.
mbind: Operation not permitted
2020-06-03T13:51:56.440311-00:00 0 [System] [MY-010910] [Server] /usr/sbin/mysqld: Shutdown complete (mysqld 8.0.20)  MySQL Community Server - GPL.
2020-06-03T14:01:35.055093-00:00 0 [Warning] [MY-011070] [Server] 'Disabling symbolic links using --skip-symbolic-links (or equivalent) is the default. Consider not using this option as it' is deprecated and will be removed in a future release.
2020-06-03T14:01:35.055307-00:00 0 [System] [MY-010116] [Server] /usr/sbin/mysqld (mysqld 8.0.20) starting as process 1
2020-06-03T14:01:35.118493-00:00 1 [System] [MY-013576] [InnoDB] InnoDB initialization has started.
2020-06-03T14:01:36.601375-00:00 1 [Warning] [MY-012579] [InnoDB] fallocate(16, FALLOC_FL_PUNCH_HOLE | FALLOC_FL_KEEP_SIZE, 0, 16384) returned errno: 22
2020-06-03T14:01:36.617304-00:00 1 [Warning] [MY-012579] [InnoDB] fallocate(17, FALLOC_FL_PUNCH_HOLE | FALLOC_FL_KEEP_SIZE, 0, 16384) returned errno: 22
2020-06-03T14:01:36.670299-00:00 1 [Warning] [MY-012579] [InnoDB] fallocate(18, FALLOC_FL_PUNCH_HOLE | FALLOC_FL_KEEP_SIZE, 0, 16384) returned errno: 22
2020-06-03T14:01:36.704230-00:00 1 [Warning] [MY-012579] [InnoDB] fallocate(19, FALLOC_FL_PUNCH_HOLE | FALLOC_FL_KEEP_SIZE, 0, 16384) returned errno: 22
2020-06-03T14:01:36.729043-00:00 1 [Warning] [MY-012579] [InnoDB] fallocate(20, FALLOC_FL_PUNCH_HOLE | FALLOC_FL_KEEP_SIZE, 0, 16384) returned errno: 22
2020-06-03T14:01:36.741667-00:00 1 [Warning] [MY-012579] [InnoDB] fallocate(21, FALLOC_FL_PUNCH_HOLE | FALLOC_FL_KEEP_SIZE, 0, 16384) returned errno: 22
2020-06-03T14:01:36.757145-00:00 1 [Warning] [MY-012579] [InnoDB] fallocate(22, FALLOC_FL_PUNCH_HOLE | FALLOC_FL_KEEP_SIZE, 0, 16384) returned errno: 22
2020-06-03T14:01:36.771332-00:00 1 [Warning] [MY-012579] [InnoDB] fallocate(23, FALLOC_FL_PUNCH_HOLE | FALLOC_FL_KEEP_SIZE, 0, 16384) returned errno: 22
2020-06-03T14:01:36.787813-00:00 1 [Warning] [MY-012579] [InnoDB] fallocate(24, FALLOC_FL_PUNCH_HOLE | FALLOC_FL_KEEP_SIZE, 0, 16384) returned errno: 22
2020-06-03T14:01:36.798777-00:00 1 [Warning] [MY-012579] [InnoDB] fallocate(25, FALLOC_FL_PUNCH_HOLE | FALLOC_FL_KEEP_SIZE, 0, 16384) returned errno: 22
2020-06-03T14:01:36.839768-00:00 1 [System] [MY-013577] [InnoDB] InnoDB initialization has ended.
2020-06-03T14:01:37.888222-00:00 0 [System] [MY-011323] [Server] X Plugin ready for connections. Socket: '/var/run/mysqld/mysqlx.sock' bind-address: '::' port: 33060
2020-06-03T14:01:38.336800-00:00 0 [Warning] [MY-010068] [Server] CA certificate ca.pem is self signed.
2020-06-03T14:01:38.374635-00:00 0 [Warning] [MY-011810] [Server] Insecure configuration for --pid-file: Location '/var/run/mysqld' in the path is accessible to all OS users. Consider choosing a different directory.
2020-06-03T14:01:38.564270-00:00 0 [System] [MY-010931] [Server] /usr/sbin/mysqld: ready for connections. Version: '8.0.20'  socket: '/var/run/mysqld/mysqld.sock'  port: 3306  MySQL Community Server - GPL.
mbind: Operation not permitted
2020-06-03T14:09:29.515460-00:00 0 [System] [MY-010910] [Server] /usr/sbin/mysqld: Shutdown complete (mysqld 8.0.20)  MySQL Community Server - GPL.
2020-06-03T14:09:42.039583-00:00 0 [Warning] [MY-011070] [Server] 'Disabling symbolic links using --skip-symbolic-links (or equivalent) is the default. Consider not using this option as it' is deprecated and will be removed in a future release.
2020-06-03T14:09:42.039904-00:00 0 [System] [MY-010116] [Server] /usr/sbin/mysqld (mysqld 8.0.20) starting as process 1
2020-06-03T14:09:42.146899-00:00 1 [System] [MY-013576] [InnoDB] InnoDB initialization has started.
2020-06-03T14:09:44.079459-00:00 1 [Warning] [MY-012579] [InnoDB] fallocate(16, FALLOC_FL_PUNCH_HOLE | FALLOC_FL_KEEP_SIZE, 0, 16384) returned errno: 22
2020-06-03T14:09:44.131158-00:00 1 [Warning] [MY-012579] [InnoDB] fallocate(17, FALLOC_FL_PUNCH_HOLE | FALLOC_FL_KEEP_SIZE, 0, 16384) returned errno: 22
2020-06-03T14:09:44.177840-00:00 1 [Warning] [MY-012579] [InnoDB] fallocate(18, FALLOC_FL_PUNCH_HOLE | FALLOC_FL_KEEP_SIZE, 0, 16384) returned errno: 22
2020-06-03T14:09:44.239103-00:00 1 [Warning] [MY-012579] [InnoDB] fallocate(19, FALLOC_FL_PUNCH_HOLE | FALLOC_FL_KEEP_SIZE, 0, 16384) returned errno: 22
2020-06-03T14:09:44.393758-00:00 1 [Warning] [MY-012579] [InnoDB] fallocate(20, FALLOC_FL_PUNCH_HOLE | FALLOC_FL_KEEP_SIZE, 0, 16384) returned errno: 22
2020-06-03T14:09:44.522372-00:00 1 [Warning] [MY-012579] [InnoDB] fallocate(21, FALLOC_FL_PUNCH_HOLE | FALLOC_FL_KEEP_SIZE, 0, 16384) returned errno: 22
2020-06-03T14:09:44.664375-00:00 1 [Warning] [MY-012579] [InnoDB] fallocate(22, FALLOC_FL_PUNCH_HOLE | FALLOC_FL_KEEP_SIZE, 0, 16384) returned errno: 22
2020-06-03T14:09:44.721811-00:00 1 [Warning] [MY-012579] [InnoDB] fallocate(23, FALLOC_FL_PUNCH_HOLE | FALLOC_FL_KEEP_SIZE, 0, 16384) returned errno: 22
2020-06-03T14:09:44.804562-00:00 1 [Warning] [MY-012579] [InnoDB] fallocate(24, FALLOC_FL_PUNCH_HOLE | FALLOC_FL_KEEP_SIZE, 0, 16384) returned errno: 22
2020-06-03T14:09:44.868816-00:00 1 [Warning] [MY-012579] [InnoDB] fallocate(25, FALLOC_FL_PUNCH_HOLE | FALLOC_FL_KEEP_SIZE, 0, 16384) returned errno: 22
2020-06-03T14:09:44.988779-00:00 1 [System] [MY-013577] [InnoDB] InnoDB initialization has ended.
2020-06-03T14:09:46.730558-00:00 0 [System] [MY-011323] [Server] X Plugin ready for connections. Socket: '/var/run/mysqld/mysqlx.sock' bind-address: '::' port: 33060
2020-06-03T14:09:47.227077-00:00 0 [Warning] [MY-010068] [Server] CA certificate ca.pem is self signed.
2020-06-03T14:09:47.446016-00:00 0 [Warning] [MY-011810] [Server] Insecure configuration for --pid-file: Location '/var/run/mysqld' in the path is accessible to all OS users. Consider choosing a different directory.
2020-06-03T14:09:47.866557-00:00 0 [System] [MY-010931] [Server] /usr/sbin/mysqld: ready for connections. Version: '8.0.20'  socket: '/var/run/mysqld/mysqld.sock'  port: 3306  MySQL Community Server - GPL.
mbind: Operation not permitted
2020-06-03T14:28:25.184744-00:00 0 [System] [MY-010910] [Server] /usr/sbin/mysqld: Shutdown complete (mysqld 8.0.20)  MySQL Community Server - GPL.
2020-06-03T14:29:19.435151-00:00 0 [Warning] [MY-011070] [Server] 'Disabling symbolic links using --skip-symbolic-links (or equivalent) is the default. Consider not using this option as it' is deprecated and will be removed in a future release.
2020-06-03T14:29:19.442728-00:00 0 [System] [MY-010116] [Server] /usr/sbin/mysqld (mysqld 8.0.20) starting as process 1
2020-06-03T14:29:19.517011-00:00 1 [System] [MY-013576] [InnoDB] InnoDB initialization has started.
2020-06-03T14:29:21.029095-00:00 1 [Warning] [MY-012579] [InnoDB] fallocate(16, FALLOC_FL_PUNCH_HOLE | FALLOC_FL_KEEP_SIZE, 0, 16384) returned errno: 22
2020-06-03T14:29:21.050596-00:00 1 [Warning] [MY-012579] [InnoDB] fallocate(17, FALLOC_FL_PUNCH_HOLE | FALLOC_FL_KEEP_SIZE, 0, 16384) returned errno: 22
2020-06-03T14:29:21.074486-00:00 1 [Warning] [MY-012579] [InnoDB] fallocate(18, FALLOC_FL_PUNCH_HOLE | FALLOC_FL_KEEP_SIZE, 0, 16384) returned errno: 22
2020-06-03T14:29:21.090329-00:00 1 [Warning] [MY-012579] [InnoDB] fallocate(19, FALLOC_FL_PUNCH_HOLE | FALLOC_FL_KEEP_SIZE, 0, 16384) returned errno: 22
2020-06-03T14:29:21.106530-00:00 1 [Warning] [MY-012579] [InnoDB] fallocate(20, FALLOC_FL_PUNCH_HOLE | FALLOC_FL_KEEP_SIZE, 0, 16384) returned errno: 22
2020-06-03T14:29:21.123442-00:00 1 [Warning] [MY-012579] [InnoDB] fallocate(21, FALLOC_FL_PUNCH_HOLE | FALLOC_FL_KEEP_SIZE, 0, 16384) returned errno: 22
2020-06-03T14:29:21.139770-00:00 1 [Warning] [MY-012579] [InnoDB] fallocate(22, FALLOC_FL_PUNCH_HOLE | FALLOC_FL_KEEP_SIZE, 0, 16384) returned errno: 22
2020-06-03T14:29:21.153290-00:00 1 [Warning] [MY-012579] [InnoDB] fallocate(23, FALLOC_FL_PUNCH_HOLE | FALLOC_FL_KEEP_SIZE, 0, 16384) returned errno: 22
2020-06-03T14:29:21.165833-00:00 1 [Warning] [MY-012579] [InnoDB] fallocate(24, FALLOC_FL_PUNCH_HOLE | FALLOC_FL_KEEP_SIZE, 0, 16384) returned errno: 22
2020-06-03T14:29:21.181935-00:00 1 [Warning] [MY-012579] [InnoDB] fallocate(25, FALLOC_FL_PUNCH_HOLE | FALLOC_FL_KEEP_SIZE, 0, 16384) returned errno: 22
2020-06-03T14:29:21.254506-00:00 1 [System] [MY-013577] [InnoDB] InnoDB initialization has ended.
2020-06-03T14:29:22.060442-00:00 0 [System] [MY-011323] [Server] X Plugin ready for connections. Socket: '/var/run/mysqld/mysqlx.sock' bind-address: '::' port: 33060
2020-06-03T14:29:22.500393-00:00 0 [Warning] [MY-010068] [Server] CA certificate ca.pem is self signed.
2020-06-03T14:29:22.543008-00:00 0 [Warning] [MY-011810] [Server] Insecure configuration for --pid-file: Location '/var/run/mysqld' in the path is accessible to all OS users. Consider choosing a different directory.
2020-06-03T14:29:22.850831-00:00 0 [System] [MY-010931] [Server] /usr/sbin/mysqld: ready for connections. Version: '8.0.20'  socket: '/var/run/mysqld/mysqld.sock'  port: 3306  MySQL Community Server - GPL.
mbind: Operation not permitted
2020-06-04T14:56:35.274859-00:00 0 [Warning] [MY-011070] [Server] 'Disabling symbolic links using --skip-symbolic-links (or equivalent) is the default. Consider not using this option as it' is deprecated and will be removed in a future release.
2020-06-04T14:56:35.275175-00:00 0 [System] [MY-010116] [Server] /usr/sbin/mysqld (mysqld 8.0.20) starting as process 1
2020-06-04T14:56:35.356412-00:00 1 [System] [MY-013576] [InnoDB] InnoDB initialization has started.
2020-06-04T14:56:37.991957-00:00 1 [Warning] [MY-012579] [InnoDB] fallocate(16, FALLOC_FL_PUNCH_HOLE | FALLOC_FL_KEEP_SIZE, 0, 16384) returned errno: 22
2020-06-04T14:56:38.044470-00:00 1 [Warning] [MY-012579] [InnoDB] fallocate(17, FALLOC_FL_PUNCH_HOLE | FALLOC_FL_KEEP_SIZE, 0, 16384) returned errno: 22
2020-06-04T14:56:38.081667-00:00 1 [Warning] [MY-012579] [InnoDB] fallocate(18, FALLOC_FL_PUNCH_HOLE | FALLOC_FL_KEEP_SIZE, 0, 16384) returned errno: 22
2020-06-04T14:56:38.108115-00:00 1 [Warning] [MY-012579] [InnoDB] fallocate(19, FALLOC_FL_PUNCH_HOLE | FALLOC_FL_KEEP_SIZE, 0, 16384) returned errno: 22
2020-06-04T14:56:38.129543-00:00 1 [Warning] [MY-012579] [InnoDB] fallocate(20, FALLOC_FL_PUNCH_HOLE | FALLOC_FL_KEEP_SIZE, 0, 16384) returned errno: 22
2020-06-04T14:56:38.161243-00:00 1 [Warning] [MY-012579] [InnoDB] fallocate(21, FALLOC_FL_PUNCH_HOLE | FALLOC_FL_KEEP_SIZE, 0, 16384) returned errno: 22
2020-06-04T14:56:38.185424-00:00 1 [Warning] [MY-012579] [InnoDB] fallocate(22, FALLOC_FL_PUNCH_HOLE | FALLOC_FL_KEEP_SIZE, 0, 16384) returned errno: 22
2020-06-04T14:56:38.205451-00:00 1 [Warning] [MY-012579] [InnoDB] fallocate(23, FALLOC_FL_PUNCH_HOLE | FALLOC_FL_KEEP_SIZE, 0, 16384) returned errno: 22
2020-06-04T14:56:38.236462-00:00 1 [Warning] [MY-012579] [InnoDB] fallocate(24, FALLOC_FL_PUNCH_HOLE | FALLOC_FL_KEEP_SIZE, 0, 16384) returned errno: 22
2020-06-04T14:56:38.265569-00:00 1 [Warning] [MY-012579] [InnoDB] fallocate(25, FALLOC_FL_PUNCH_HOLE | FALLOC_FL_KEEP_SIZE, 0, 16384) returned errno: 22
2020-06-04T14:56:38.331608-00:00 1 [System] [MY-013577] [InnoDB] InnoDB initialization has ended.
2020-06-04T14:56:39.410797-00:00 0 [System] [MY-011323] [Server] X Plugin ready for connections. Socket: '/var/run/mysqld/mysqlx.sock' bind-address: '::' port: 33060
2020-06-04T14:56:39.653694-00:00 0 [System] [MY-010229] [Server] Starting XA crash recovery...
2020-06-04T14:56:39.708488-00:00 0 [System] [MY-010232] [Server] XA crash recovery finished.
2020-06-04T14:56:39.935844-00:00 0 [Warning] [MY-010068] [Server] CA certificate ca.pem is self signed.
2020-06-04T14:56:40.171475-00:00 0 [Warning] [MY-011810] [Server] Insecure configuration for --pid-file: Location '/var/run/mysqld' in the path is accessible to all OS users. Consider choosing a different directory.
2020-06-04T14:56:40.458035-00:00 0 [System] [MY-010931] [Server] /usr/sbin/mysqld: ready for connections. Version: '8.0.20'  socket: '/var/run/mysqld/mysqld.sock'  port: 3306  MySQL Community Server - GPL.
2020-06-08T13:08:54.976496-00:00 8 [Warning] [MY-010055] [Server] IP address '172.21.100.1' could not be resolved: Temporary failure in name resolution
mbind: Operation not permitted
2020-06-08T13:12:54.751199-00:00 8 [Warning] [MY-012579] [InnoDB] fallocate(38, FALLOC_FL_PUNCH_HOLE | FALLOC_FL_KEEP_SIZE, 0, 16384) returned errno: 22
2020-06-08T13:46:28.779769-00:00 8 [Warning] [MY-012579] [InnoDB] fallocate(39, FALLOC_FL_PUNCH_HOLE | FALLOC_FL_KEEP_SIZE, 0, 16384) returned errno: 22
2020-06-08T13:50:06.265482-00:00 8 [Warning] [MY-012579] [InnoDB] fallocate(40, FALLOC_FL_PUNCH_HOLE | FALLOC_FL_KEEP_SIZE, 0, 16384) returned errno: 22
2020-06-08T13:55:34.713778-00:00 8 [Warning] [MY-012579] [InnoDB] fallocate(41, FALLOC_FL_PUNCH_HOLE | FALLOC_FL_KEEP_SIZE, 0, 16384) returned errno: 22
2020-06-08T13:57:21.318128-00:00 8 [Warning] [MY-012579] [InnoDB] fallocate(42, FALLOC_FL_PUNCH_HOLE | FALLOC_FL_KEEP_SIZE, 0, 16384) returned errno: 22
2020-06-08T13:58:27.388165-00:00 8 [Warning] [MY-012579] [InnoDB] fallocate(39, FALLOC_FL_PUNCH_HOLE | FALLOC_FL_KEEP_SIZE, 0, 16384) returned errno: 22
2020-06-08T14:22:22.859746-00:00 8 [Warning] [MY-012579] [InnoDB] fallocate(40, FALLOC_FL_PUNCH_HOLE | FALLOC_FL_KEEP_SIZE, 0, 16384) returned errno: 22
2020-06-08T14:30:49.513596-00:00 8 [Warning] [MY-012579] [InnoDB] fallocate(39, FALLOC_FL_PUNCH_HOLE | FALLOC_FL_KEEP_SIZE, 0, 16384) returned errno: 22
2020-06-08T14:50:57.205582-00:00 8 [Warning] [MY-012579] [InnoDB] fallocate(41, FALLOC_FL_PUNCH_HOLE | FALLOC_FL_KEEP_SIZE, 0, 16384) returned errno: 22
2020-06-10T21:34:37.265005-00:00 9 [Warning] [MY-010055] [Server] IP address '172.21.100.1' could not be resolved: Temporary failure in name resolution
2020-06-10T21:34:51.683724-00:00 9 [Warning] [MY-012579] [InnoDB] fallocate(40, FALLOC_FL_PUNCH_HOLE | FALLOC_FL_KEEP_SIZE, 0, 16384) returned errno: 22
2020-06-10T21:34:51.742736-00:00 9 [Warning] [MY-012579] [InnoDB] fallocate(40, FALLOC_FL_PUNCH_HOLE | FALLOC_FL_KEEP_SIZE, 0, 16384) returned errno: 22
2020-06-10T21:34:51.856899-00:00 9 [Warning] [MY-012579] [InnoDB] fallocate(41, FALLOC_FL_PUNCH_HOLE | FALLOC_FL_KEEP_SIZE, 0, 16384) returned errno: 22
2020-06-10T21:35:25.634904-00:00 9 [Warning] [MY-012579] [InnoDB] fallocate(40, FALLOC_FL_PUNCH_HOLE | FALLOC_FL_KEEP_SIZE, 0, 16384) returned errno: 22
2020-06-10T21:35:25.672290-00:00 9 [Warning] [MY-012579] [InnoDB] fallocate(40, FALLOC_FL_PUNCH_HOLE | FALLOC_FL_KEEP_SIZE, 0, 16384) returned errno: 22
2020-06-10T21:35:25.728727-00:00 9 [Warning] [MY-012579] [InnoDB] fallocate(40, FALLOC_FL_PUNCH_HOLE | FALLOC_FL_KEEP_SIZE, 0, 16384) returned errno: 22
2020-06-10T22:24:23.160897-00:00 9 [Warning] [MY-012579] [InnoDB] fallocate(39, FALLOC_FL_PUNCH_HOLE | FALLOC_FL_KEEP_SIZE, 0, 16384) returned errno: 22
mbind: Operation not permitted
2020-06-11T16:43:09.040127-00:00 20 [Warning] [MY-010055] [Server] IP address '172.21.100.1' could not be resolved: Name or service not known
mbind: Operation not permitted
mbind: Operation not permitted
mbind: Operation not permitted
2020-06-14T20:04:09.395622-00:00 0 [Warning] [MY-011070] [Server] 'Disabling symbolic links using --skip-symbolic-links (or equivalent) is the default. Consider not using this option as it' is deprecated and will be removed in a future release.
2020-06-14T20:04:09.395817-00:00 0 [System] [MY-010116] [Server] /usr/sbin/mysqld (mysqld 8.0.20) starting as process 1
2020-06-14T20:04:09.441722-00:00 1 [System] [MY-013576] [InnoDB] InnoDB initialization has started.
2020-06-14T20:04:10.206204-00:00 1 [Warning] [MY-012579] [InnoDB] fallocate(16, FALLOC_FL_PUNCH_HOLE | FALLOC_FL_KEEP_SIZE, 0, 16384) returned errno: 22
2020-06-14T20:04:10.219643-00:00 1 [Warning] [MY-012579] [InnoDB] fallocate(17, FALLOC_FL_PUNCH_HOLE | FALLOC_FL_KEEP_SIZE, 0, 16384) returned errno: 22
2020-06-14T20:04:10.234808-00:00 1 [Warning] [MY-012579] [InnoDB] fallocate(18, FALLOC_FL_PUNCH_HOLE | FALLOC_FL_KEEP_SIZE, 0, 16384) returned errno: 22
2020-06-14T20:04:10.251277-00:00 1 [Warning] [MY-012579] [InnoDB] fallocate(19, FALLOC_FL_PUNCH_HOLE | FALLOC_FL_KEEP_SIZE, 0, 16384) returned errno: 22
2020-06-14T20:04:10.265323-00:00 1 [Warning] [MY-012579] [InnoDB] fallocate(20, FALLOC_FL_PUNCH_HOLE | FALLOC_FL_KEEP_SIZE, 0, 16384) returned errno: 22
2020-06-14T20:04:10.278486-00:00 1 [Warning] [MY-012579] [InnoDB] fallocate(21, FALLOC_FL_PUNCH_HOLE | FALLOC_FL_KEEP_SIZE, 0, 16384) returned errno: 22
2020-06-14T20:04:10.292987-00:00 1 [Warning] [MY-012579] [InnoDB] fallocate(22, FALLOC_FL_PUNCH_HOLE | FALLOC_FL_KEEP_SIZE, 0, 16384) returned errno: 22
2020-06-14T20:04:10.306313-00:00 1 [Warning] [MY-012579] [InnoDB] fallocate(23, FALLOC_FL_PUNCH_HOLE | FALLOC_FL_KEEP_SIZE, 0, 16384) returned errno: 22
2020-06-14T20:04:10.322102-00:00 1 [Warning] [MY-012579] [InnoDB] fallocate(24, FALLOC_FL_PUNCH_HOLE | FALLOC_FL_KEEP_SIZE, 0, 16384) returned errno: 22
2020-06-14T20:04:10.336300-00:00 1 [Warning] [MY-012579] [InnoDB] fallocate(25, FALLOC_FL_PUNCH_HOLE | FALLOC_FL_KEEP_SIZE, 0, 16384) returned errno: 22
2020-06-14T20:04:10.372213-00:00 1 [System] [MY-013577] [InnoDB] InnoDB initialization has ended.
2020-06-14T20:04:10.663502-00:00 0 [System] [MY-011323] [Server] X Plugin ready for connections. Socket: '/var/run/mysqld/mysqlx.sock' bind-address: '::' port: 33060
2020-06-14T20:04:10.718439-00:00 0 [System] [MY-010229] [Server] Starting XA crash recovery...
2020-06-14T20:04:10.732463-00:00 0 [System] [MY-010232] [Server] XA crash recovery finished.
2020-06-14T20:04:10.831748-00:00 0 [Warning] [MY-010068] [Server] CA certificate ca.pem is self signed.
2020-06-14T20:04:10.846139-00:00 0 [Warning] [MY-011810] [Server] Insecure configuration for --pid-file: Location '/var/run/mysqld' in the path is accessible to all OS users. Consider choosing a different directory.
2020-06-14T20:04:10.936356-00:00 0 [System] [MY-010931] [Server] /usr/sbin/mysqld: ready for connections. Version: '8.0.20'  socket: '/var/run/mysqld/mysqld.sock'  port: 3306  MySQL Community Server - GPL.
2020-06-14T20:11:53.980175-00:00 8 [Warning] [MY-010055] [Server] IP address '172.21.100.1' could not be resolved: Temporary failure in name resolution
mbind: Operation not permitted
2020-06-14T20:11:55.993037-00:00 9 [Warning] [MY-010055] [Server] IP address '172.21.100.1' could not be resolved: Name or service not known
mbind: Operation not permitted
mbind: Operation not permitted
mbind: Operation not permitted
2020-06-19T00:06:57.797184-00:00 0 [Warning] [MY-011070] [Server] 'Disabling symbolic links using --skip-symbolic-links (or equivalent) is the default. Consider not using this option as it' is deprecated and will be removed in a future release.
2020-06-19T00:06:57.797848-00:00 0 [System] [MY-010116] [Server] /usr/sbin/mysqld (mysqld 8.0.20) starting as process 1
2020-06-19T00:06:57.883145-00:00 1 [System] [MY-013576] [InnoDB] InnoDB initialization has started.
2020-06-19T00:06:59.614230-00:00 1 [Warning] [MY-012579] [InnoDB] fallocate(16, FALLOC_FL_PUNCH_HOLE | FALLOC_FL_KEEP_SIZE, 0, 16384) returned errno: 22
2020-06-19T00:06:59.634837-00:00 1 [Warning] [MY-012579] [InnoDB] fallocate(17, FALLOC_FL_PUNCH_HOLE | FALLOC_FL_KEEP_SIZE, 0, 16384) returned errno: 22
2020-06-19T00:06:59.656868-00:00 1 [Warning] [MY-012579] [InnoDB] fallocate(18, FALLOC_FL_PUNCH_HOLE | FALLOC_FL_KEEP_SIZE, 0, 16384) returned errno: 22
2020-06-19T00:06:59.684047-00:00 1 [Warning] [MY-012579] [InnoDB] fallocate(19, FALLOC_FL_PUNCH_HOLE | FALLOC_FL_KEEP_SIZE, 0, 16384) returned errno: 22
2020-06-19T00:06:59.726134-00:00 1 [Warning] [MY-012579] [InnoDB] fallocate(20, FALLOC_FL_PUNCH_HOLE | FALLOC_FL_KEEP_SIZE, 0, 16384) returned errno: 22
2020-06-19T00:06:59.785044-00:00 1 [Warning] [MY-012579] [InnoDB] fallocate(21, FALLOC_FL_PUNCH_HOLE | FALLOC_FL_KEEP_SIZE, 0, 16384) returned errno: 22
2020-06-19T00:06:59.815133-00:00 1 [Warning] [MY-012579] [InnoDB] fallocate(22, FALLOC_FL_PUNCH_HOLE | FALLOC_FL_KEEP_SIZE, 0, 16384) returned errno: 22
2020-06-19T00:06:59.842939-00:00 1 [Warning] [MY-012579] [InnoDB] fallocate(23, FALLOC_FL_PUNCH_HOLE | FALLOC_FL_KEEP_SIZE, 0, 16384) returned errno: 22
2020-06-19T00:06:59.874235-00:00 1 [Warning] [MY-012579] [InnoDB] fallocate(24, FALLOC_FL_PUNCH_HOLE | FALLOC_FL_KEEP_SIZE, 0, 16384) returned errno: 22
2020-06-19T00:06:59.907971-00:00 1 [Warning] [MY-012579] [InnoDB] fallocate(25, FALLOC_FL_PUNCH_HOLE | FALLOC_FL_KEEP_SIZE, 0, 16384) returned errno: 22
2020-06-19T00:07:00.180659-00:00 1 [System] [MY-013577] [InnoDB] InnoDB initialization has ended.
2020-06-19T00:07:00.792505-00:00 0 [System] [MY-011323] [Server] X Plugin ready for connections. Socket: '/var/run/mysqld/mysqlx.sock' bind-address: '::' port: 33060
2020-06-19T00:07:00.924635-00:00 0 [System] [MY-010229] [Server] Starting XA crash recovery...
2020-06-19T00:07:00.942306-00:00 0 [System] [MY-010232] [Server] XA crash recovery finished.
2020-06-19T00:07:01.126257-00:00 0 [Warning] [MY-010068] [Server] CA certificate ca.pem is self signed.
2020-06-19T00:07:01.164634-00:00 0 [Warning] [MY-011810] [Server] Insecure configuration for --pid-file: Location '/var/run/mysqld' in the path is accessible to all OS users. Consider choosing a different directory.
2020-06-19T00:07:01.357755-00:00 0 [System] [MY-010931] [Server] /usr/sbin/mysqld: ready for connections. Version: '8.0.20'  socket: '/var/run/mysqld/mysqld.sock'  port: 3306  MySQL Community Server - GPL.
